<?xml version="1.0" encoding="UTF-8"?>
<!-- Generated by org.testng.reporters.JUnitReportReporter -->
<testsuite hostname="Dell" failures="0" tests="1" name="Com.hrms.testScripts.TC001" time="13.250" errors="0" timestamp="26 Jan 2024 16:29:04 GMT">
  <testcase classname="Com.hrms.testScripts.TC001" name="tc001" time="13.250"/>
</testsuite> <!-- Com.hrms.testScripts.TC001 -->
